<?xml version="1.0" encoding="UTF-8"?>
<testsuite xmlns:xsi="http://www.w3.org/2001/XMLSchema-instance" xsi:noNamespaceSchemaLocation="https://maven.apache.org/surefire/maven-surefire-plugin/xsd/surefire-test-report-3.0.xsd" version="3.0" name="com.urlshotener.url.shortner.UrlShortnerApplicationTests" time="3.692" tests="1" errors="0" skipped="0" failures="0">
  <properties>
[...]
</properties>
  <testcase name="contextLoads" classname="com.urlshotener.url.shortner.UrlShortnerApplicationTests" time="0.778">
    <system-out><![CDATA[14:18:11.123 [main] INFO org.springframework.test.context.support.AnnotationConfigContextLoaderUtils -- Could not detect default configuration classes for test class [com.urlshotener.url.shortner.UrlShortnerApplicationTests]: UrlShortnerApplicationTests does not declare any static, non-private, non-final, nested classes annotated with @Configuration.
14:18:11.234 [main] INFO org.springframework.boot.test.context.SpringBootTestContextBootstrapper -- Found @SpringBootConfiguration com.urlshotener.url.shortner.UrlShortnerApplication for test class com.urlshotener.url.shortner.UrlShortnerApplicationTests
14:18:11.402 [main] INFO org.springframework.boot.devtools.restart.RestartApplicationListener -- Restart disabled due to context in which it is running

  .   ____          _            __ _ _
 /\\ / ___'_ __ _ _(_)_ __  __ _ \ \ \ \
( ( )\___ | '_ | '_| | '_ \/ _` | \ \ \ \
 \\/  ___)| |_)| | | | | || (_| |  ) ) ) )
  '  |____| .__|_| |_|_| |_\__, | / / / /
 =========|_|==============|___/=/_/_/_/
 :: Spring Boot ::                (v3.1.5)

2023-11-30T14:18:11.720+05:30  INFO 10044 --- [           main] c.u.u.s.UrlShortnerApplicationTests      : Starting UrlShortnerApplicationTests using Java 21.0.1 with PID 10044 (started by prath in D:\repository\URL-Shortner-backend)
2023-11-30T14:18:11.722+05:30  INFO 10044 --- [           main] c.u.u.s.UrlShortnerApplicationTests      : No active profile set, falling back to 1 default profile: "default"
2023-11-30T14:18:12.344+05:30  INFO 10044 --- [           main] .s.d.r.c.RepositoryConfigurationDelegate : Bootstrapping Spring Data MongoDB repositories in DEFAULT mode.
2023-11-30T14:18:12.395+05:30  INFO 10044 --- [           main] .s.d.r.c.RepositoryConfigurationDelegate : Finished Spring Data repository scanning in 47 ms. Found 1 MongoDB repository interfaces.
2023-11-30T14:18:12.923+05:30  INFO 10044 --- [           main] org.mongodb.driver.client                : MongoClient with metadata {"driver": {"name": "mongo-java-driver|sync|spring-boot", "version": "4.9.1"}, "os": {"type": "Windows", "name": "Windows 11", "architecture": "amd64", "version": "10.0"}, "platform": "Java/Oracle Corporation/21.0.1+12-LTS-29"} created with settings MongoClientSettings{readPreference=primary, writeConcern=WriteConcern{w=null, wTimeout=null ms, journal=null}, retryWrites=true, retryReads=true, readConcern=ReadConcern{level=null}, credential=MongoCredential{mechanism=null, userName='kadekarpratham2004', source='admin', password=<hidden>, mechanismProperties=<hidden>}, streamFactoryFactory=null, commandListeners=[], codecRegistry=ProvidersCodecRegistry{codecProviders=[ValueCodecProvider{}, BsonValueCodecProvider{}, DBRefCodecProvider{}, DBObjectCodecProvider{}, DocumentCodecProvider{}, CollectionCodecProvider{}, IterableCodecProvider{}, MapCodecProvider{}, GeoJsonCodecProvider{}, GridFSFileCodecProvider{}, Jsr310CodecProvider{}, JsonObjectCodecProvider{}, BsonCodecProvider{}, EnumCodecProvider{}, com.mongodb.client.model.mql.ExpressionCodecProvider@54089484, com.mongodb.Jep395RecordCodecProvider@45adc393]}, loggerSettings=LoggerSettings{maxDocumentLength=1000}, clusterSettings={hosts=[127.0.0.1:27017], srvHost=cluster0.ngdvhe1.mongodb.net, srvServiceName=mongodb, mode=MULTIPLE, requiredClusterType=REPLICA_SET, requiredReplicaSetName='atlas-h8qe7y-shard-0', serverSelector='null', clusterListeners='[]', serverSelectionTimeout='30000 ms', localThreshold='30000 ms'}, socketSettings=SocketSettings{connectTimeoutMS=10000, readTimeoutMS=0, receiveBufferSize=0, sendBufferSize=0}, heartbeatSocketSettings=SocketSettings{connectTimeoutMS=10000, readTimeoutMS=10000, receiveBufferSize=0, sendBufferSize=0}, connectionPoolSettings=ConnectionPoolSettings{maxSize=100, minSize=0, maxWaitTimeMS=120000, maxConnectionLifeTimeMS=0, maxConnectionIdleTimeMS=0, maintenanceInitialDelayMS=0, maintenanceFrequencyMS=60000, connectionPoolListeners=[], maxConnecting=2}, serverSettings=ServerSettings{heartbeatFrequencyMS=10000, minHeartbeatFrequencyMS=500, serverListeners='[]', serverMonitorListeners='[]'}, sslSettings=SslSettings{enabled=true, invalidHostNameAllowed=false, context=null}, applicationName='null', compressorList=[], uuidRepresentation=JAVA_LEGACY, serverApi=null, autoEncryptionSettings=null, contextProvider=null}
2023-11-30T14:18:12.980+05:30  INFO 10044 --- [he1.mongodb.net] org.mongodb.driver.cluster               : Adding discovered server ac-gyjsayo-shard-00-00.ngdvhe1.mongodb.net:27017 to client view of cluster
2023-11-30T14:18:13.006+05:30  INFO 10044 --- [he1.mongodb.net] org.mongodb.driver.cluster               : Adding discovered server ac-gyjsayo-shard-00-01.ngdvhe1.mongodb.net:27017 to client view of cluster
2023-11-30T14:18:13.007+05:30  INFO 10044 --- [he1.mongodb.net] org.mongodb.driver.cluster               : Adding discovered server ac-gyjsayo-shard-00-02.ngdvhe1.mongodb.net:27017 to client view of cluster
2023-11-30T14:18:13.849+05:30  INFO 10044 --- [           main] c.u.u.s.UrlShortnerApplicationTests      : Started UrlShortnerApplicationTests in 2.466 seconds (process running for 3.454)
2023-11-30T14:18:13.944+05:30  INFO 10044 --- [ngodb.net:27017] org.mongodb.driver.cluster               : Monitor thread successfully connected to server with description ServerDescription{address=ac-gyjsayo-shard-00-02.ngdvhe1.mongodb.net:27017, type=REPLICA_SET_PRIMARY, state=CONNECTED, ok=true, minWireVersion=0, maxWireVersion=17, maxDocumentSize=16777216, logicalSessionTimeoutMinutes=30, roundTripTimeNanos=483246800, setName='atlas-h8qe7y-shard-0', canonicalAddress=ac-gyjsayo-shard-00-02.ngdvhe1.mongodb.net:27017, hosts=[ac-gyjsayo-shard-00-01.ngdvhe1.mongodb.net:27017, ac-gyjsayo-shard-00-02.ngdvhe1.mongodb.net:27017, ac-gyjsayo-shard-00-00.ngdvhe1.mongodb.net:27017], passives=[], arbiters=[], primary='ac-gyjsayo-shard-00-02.ngdvhe1.mongodb.net:27017', tagSet=TagSet{[Tag{name='availabilityZone', value='aps1-az2'}, Tag{name='nodeType', value='ELECTABLE'}, Tag{name='provider', value='AWS'}, Tag{name='region', value='AP_SOUTH_1'}, Tag{name='workloadType', value='OPERATIONAL'}]}, electionId=7fffffff00000000000001f1, setVersion=7, topologyVersion=TopologyVersion{processId=65673e421a2ef19a1c8f12dd, counter=6}, lastWriteDate=Thu Nov 30 14:18:14 IST 2023, lastUpdateTimeNanos=14142971641700}
2023-11-30T14:18:13.944+05:30  INFO 10044 --- [ngodb.net:27017] org.mongodb.driver.cluster               : Monitor thread successfully connected to server with description ServerDescription{address=ac-gyjsayo-shard-00-01.ngdvhe1.mongodb.net:27017, type=REPLICA_SET_SECONDARY, state=CONNECTED, ok=true, minWireVersion=0, maxWireVersion=17, maxDocumentSize=16777216, logicalSessionTimeoutMinutes=30, roundTripTimeNanos=483443800, setName='atlas-h8qe7y-shard-0', canonicalAddress=ac-gyjsayo-shard-00-01.ngdvhe1.mongodb.net:27017, hosts=[ac-gyjsayo-shard-00-01.ngdvhe1.mongodb.net:27017, ac-gyjsayo-shard-00-02.ngdvhe1.mongodb.net:27017, ac-gyjsayo-shard-00-00.ngdvhe1.mongodb.net:27017], passives=[], arbiters=[], primary='ac-gyjsayo-shard-00-02.ngdvhe1.mongodb.net:27017', tagSet=TagSet{[Tag{name='availabilityZone', value='aps1-az3'}, Tag{name='nodeType', value='ELECTABLE'}, Tag{name='provider', value='AWS'}, Tag{name='region', value='AP_SOUTH_1'}, Tag{name='workloadType', value='OPERATIONAL'}]}, electionId=null, setVersion=7, topologyVersion=TopologyVersion{processId=65673f625bef55039b819a1f, counter=3}, lastWriteDate=Thu Nov 30 14:18:14 IST 2023, lastUpdateTimeNanos=14142971838200}
2023-11-30T14:18:13.944+05:30  INFO 10044 --- [ngodb.net:27017] org.mongodb.driver.cluster               : Monitor thread successfully connected to server with description ServerDescription{address=ac-gyjsayo-shard-00-00.ngdvhe1.mongodb.net:27017, type=REPLICA_SET_SECONDARY, state=CONNECTED, ok=true, minWireVersion=0, maxWireVersion=17, maxDocumentSize=16777216, logicalSessionTimeoutMinutes=30, roundTripTimeNanos=483376200, setName='atlas-h8qe7y-shard-0', canonicalAddress=ac-gyjsayo-shard-00-00.ngdvhe1.mongodb.net:27017, hosts=[ac-gyjsayo-shard-00-01.ngdvhe1.mongodb.net:27017, ac-gyjsayo-shard-00-02.ngdvhe1.mongodb.net:27017, ac-gyjsayo-shard-00-00.ngdvhe1.mongodb.net:27017], passives=[], arbiters=[], primary='ac-gyjsayo-shard-00-02.ngdvhe1.mongodb.net:27017', tagSet=TagSet{[Tag{name='availabilityZone', value='aps1-az1'}, Tag{name='nodeType', value='ELECTABLE'}, Tag{name='provider', value='AWS'}, Tag{name='region', value='AP_SOUTH_1'}, Tag{name='workloadType', value='OPERATIONAL'}]}, electionId=null, setVersion=7, topologyVersion=TopologyVersion{processId=65673d4a6c3ad3f9d408f2c1, counter=4}, lastWriteDate=Thu Nov 30 14:18:14 IST 2023, lastUpdateTimeNanos=14142971770600}
2023-11-30T14:18:13.948+05:30  INFO 10044 --- [ngodb.net:27017] org.mongodb.driver.cluster               : Discovered replica set primary ac-gyjsayo-shard-00-02.ngdvhe1.mongodb.net:27017 with max election id 7fffffff00000000000001f1 and max set version 7
]]></system-out>
    <system-err><![CDATA[WARNING: A Java agent has been loaded dynamically (C:\Users\prath\.m2\repository\net\bytebuddy\byte-buddy-agent\1.14.9\byte-buddy-agent-1.14.9.jar)
WARNING: If a serviceability tool is in use, please run with -XX:+EnableDynamicAgentLoading to hide this warning
WARNING: If a serviceability tool is not in use, please run with -Djdk.instrument.traceUsage for more information
WARNING: Dynamic loading of agents will be disallowed by default in a future release
]]></system-err>
  </testcase>
</testsuite>